<?xml version="1.0" encoding="UTF-8"?>
<testng-results ignored="0" total="1" passed="1" failed="0" skipped="0">
  <reporter-output>
  </reporter-output>
  <suite started-at="2022-11-15T19:13:38 CST" name="Default suite" finished-at="2022-11-15T19:13:48 CST" duration-ms="9954">
    <groups>
    </groups>
    <test started-at="2022-11-15T19:13:38 CST" name="Default test" finished-at="2022-11-15T19:13:48 CST" duration-ms="9954">
      <class name="com.testscenarios.FB_login">
        <test-method is-config="true" signature="beforeClass()[pri:0, instance:com.testscenarios.FB_login@750e2b97]" started-at="2022-11-15T19:13:38 CST" name="beforeClass" finished-at="2022-11-15T19:13:41 CST" duration-ms="3098" status="PASS">
          <reporter-output>
          </reporter-output>
        </test-method> <!-- beforeClass -->
        <test-method signature="f()[pri:0, instance:com.testscenarios.FB_login@750e2b97]" started-at="2022-11-15T19:13:41 CST" name="f" finished-at="2022-11-15T19:13:47 CST" duration-ms="5907" status="PASS">
          <reporter-output>
          </reporter-output>
        </test-method> <!-- f -->
        <test-method is-config="true" signature="afterMethod()[pri:0, instance:com.testscenarios.FB_login@750e2b97]" started-at="2022-11-15T19:13:47 CST" name="afterMethod" finished-at="2022-11-15T19:13:48 CST" duration-ms="713" status="PASS">
          <reporter-output>
          </reporter-output>
        </test-method> <!-- afterMethod -->
        <test-method is-config="true" signature="afterClass()[pri:0, instance:com.testscenarios.FB_login@750e2b97]" started-at="2022-11-15T19:13:48 CST" name="afterClass" finished-at="2022-11-15T19:13:48 CST" duration-ms="203" status="PASS">
          <reporter-output>
          </reporter-output>
        </test-method> <!-- afterClass -->
      </class> <!-- com.testscenarios.FB_login -->
    </test> <!-- Default test -->
  </suite> <!-- Default suite -->
</testng-results>
