<?xml version="1.0" encoding="UTF-8"?>
<testng-results ignored="0" total="1" passed="1" failed="0" skipped="0">
  <reporter-output>
  </reporter-output>
  <suite started-at="2022-11-22T19:00:46 CST" name="Default suite" finished-at="2022-11-22T19:00:58 CST" duration-ms="11929">
    <groups>
    </groups>
    <test started-at="2022-11-22T19:00:46 CST" name="Default test" finished-at="2022-11-22T19:00:58 CST" duration-ms="11929">
      <class name="com.testscenarios.FB_login">
        <test-method is-config="true" signature="beforeClass(java.lang.String)[pri:0, instance:com.testscenarios.FB_login@449a4f23]" started-at="2022-11-22T19:00:46 CST" name="beforeClass" finished-at="2022-11-22T19:00:50 CST" duration-ms="4487" status="PASS">
          <params>
            <param index="0">
              <value>
                <![CDATA[edge]]>
              </value>
            </param>
          </params>
          <reporter-output>
          </reporter-output>
        </test-method> <!-- beforeClass -->
        <test-method signature="f()[pri:0, instance:com.testscenarios.FB_login@449a4f23]" started-at="2022-11-22T19:00:50 CST" name="f" finished-at="2022-11-22T19:00:57 CST" duration-ms="6997" status="PASS">
          <reporter-output>
          </reporter-output>
        </test-method> <!-- f -->
        <test-method is-config="true" signature="afterMethod()[pri:0, instance:com.testscenarios.FB_login@449a4f23]" started-at="2022-11-22T19:00:57 CST" name="afterMethod" finished-at="2022-11-22T19:00:57 CST" duration-ms="138" status="PASS">
          <reporter-output>
          </reporter-output>
        </test-method> <!-- afterMethod -->
        <test-method is-config="true" signature="afterClass()[pri:0, instance:com.testscenarios.FB_login@449a4f23]" started-at="2022-11-22T19:00:57 CST" name="afterClass" finished-at="2022-11-22T19:00:58 CST" duration-ms="249" status="PASS">
          <reporter-output>
          </reporter-output>
        </test-method> <!-- afterClass -->
      </class> <!-- com.testscenarios.FB_login -->
    </test> <!-- Default test -->
  </suite> <!-- Default suite -->
</testng-results>
